<?xml version="1.0" encoding="UTF-8"?>
<!-- Generated by org.testng.reporters.JUnitXMLReporter -->
<testsuite ignored="2" hostname="LAVA-DESKTOP" failures="1" tests="1" name="openTest" time="18.528" errors="0" timestamp="2023-11-06T09:11:21 IST">
  <testcase classname="testCases.TC_002_LoginTest" name="testlogin" time="11.543">
    <failure type="java.lang.AssertionError" message="Invalid data expected [false] but found [true]">
      <![CDATA[java.lang.AssertionError: Invalid data expected [false] but found [true]
at testCases.TC_002_LoginTest.testlogin(TC_002_LoginTest.java:29)
at java.base/java.util.ArrayList.forEach(ArrayList.java:1511)
... Removed 33 stack frames]]>
    </failure>
  </testcase> <!-- testlogin -->
  <testcase classname="testCases.TC_003_LoginDataDrivenTest" name="loginDDT" time="0.0">
    <ignored/>
  </testcase> <!-- loginDDT -->
  <testcase classname="testCases.TC_001_AcctRegistrationTest" name="test_account_regristation" time="0.0">
    <ignored/>
  </testcase> <!-- test_account_regristation -->
</testsuite> <!-- openTest -->
